

*******************************************************************************
Tue Sep 14 23:45:08 2021


FIT:    data read from FILE1
        format = z
        #datapoints = 11
        residuals are weighted equally (unit weight)

function used for fitting: my_linear_fit1(x)
	my_linear_fit1(x) = a * x + b
fitted parameters initialized with current variable values

iter      chisq       delta/lim  lambda   a             b            
   0 6.3389000000e+00   0.00e+00  1.41e+00    1.000000e+00   1.000000e+00
   4 6.0248000320e-03  -8.21e-05  1.41e-04    1.144368e+00   1.261837e-02

After 4 iterations the fit converged.
final sum of squares of residuals : 0.0060248
rel. change during last iteration : -8.21487e-10

degrees of freedom    (FIT_NDF)                        : 9
rms of residuals      (FIT_STDFIT) = sqrt(WSSR/ndf)    : 0.0258732
variance of residuals (reduced chisquare) = WSSR/ndf   : 0.000669422

Final set of parameters            Asymptotic Standard Error
=======================            ==========================
a               = 1.14437          +/- 0.01279      (1.118%)
b               = 0.0126184        +/- 0.02214      (175.4%)

correlation matrix of the fit parameters:
                a      b      
a               1.000 
b              -0.936  1.000 


*******************************************************************************
Tue Sep 14 23:51:30 2021


FIT:    data read from FILE1
        format = z
        #datapoints = 11
        residuals are weighted equally (unit weight)

function used for fitting: my_linear_fit1(x)
	my_linear_fit1(x) = a * x + b
fitted parameters initialized with current variable values

iter      chisq       delta/lim  lambda   a             b            
   0 6.3389000000e+00   0.00e+00  1.41e+00    1.000000e+00   1.000000e+00
   4 6.0248000320e-03  -8.21e-05  1.41e-04    1.144368e+00   1.261837e-02

After 4 iterations the fit converged.
final sum of squares of residuals : 0.0060248
rel. change during last iteration : -8.21487e-10

degrees of freedom    (FIT_NDF)                        : 9
rms of residuals      (FIT_STDFIT) = sqrt(WSSR/ndf)    : 0.0258732
variance of residuals (reduced chisquare) = WSSR/ndf   : 0.000669422

Final set of parameters            Asymptotic Standard Error
=======================            ==========================
a               = 1.14437          +/- 0.01279      (1.118%)
b               = 0.0126184        +/- 0.02214      (175.4%)

correlation matrix of the fit parameters:
                a      b      
a               1.000 
b              -0.936  1.000 


*******************************************************************************
Tue Sep 14 23:51:49 2021


FIT:    data read from FILE1
        format = z
        #datapoints = 11
        residuals are weighted equally (unit weight)

function used for fitting: my_linear_fit1(x)
	my_linear_fit1(x) = a * x + b
fitted parameters initialized with current variable values

iter      chisq       delta/lim  lambda   a             b            
   0 6.3389000000e+00   0.00e+00  1.41e+00    1.000000e+00   1.000000e+00
   4 6.0248000320e-03  -8.21e-05  1.41e-04    1.144368e+00   1.261837e-02

After 4 iterations the fit converged.
final sum of squares of residuals : 0.0060248
rel. change during last iteration : -8.21487e-10

degrees of freedom    (FIT_NDF)                        : 9
rms of residuals      (FIT_STDFIT) = sqrt(WSSR/ndf)    : 0.0258732
variance of residuals (reduced chisquare) = WSSR/ndf   : 0.000669422

Final set of parameters            Asymptotic Standard Error
=======================            ==========================
a               = 1.14437          +/- 0.01279      (1.118%)
b               = 0.0126184        +/- 0.02214      (175.4%)

correlation matrix of the fit parameters:
                a      b      
a               1.000 
b              -0.936  1.000 


*******************************************************************************
Tue Sep 14 23:53:18 2021


FIT:    data read from FILE1
        format = z
        #datapoints = 11
        residuals are weighted equally (unit weight)

function used for fitting: my_linear_fit1(x)
	my_linear_fit1(x) = a * x + b
fitted parameters initialized with current variable values

iter      chisq       delta/lim  lambda   a             b            
   0 6.3389000000e+00   0.00e+00  1.41e+00    1.000000e+00   1.000000e+00
   4 6.0248000320e-03  -8.21e-05  1.41e-04    1.144368e+00   1.261837e-02

After 4 iterations the fit converged.
final sum of squares of residuals : 0.0060248
rel. change during last iteration : -8.21487e-10

degrees of freedom    (FIT_NDF)                        : 9
rms of residuals      (FIT_STDFIT) = sqrt(WSSR/ndf)    : 0.0258732
variance of residuals (reduced chisquare) = WSSR/ndf   : 0.000669422

Final set of parameters            Asymptotic Standard Error
=======================            ==========================
a               = 1.14437          +/- 0.01279      (1.118%)
b               = 0.0126184        +/- 0.02214      (175.4%)

correlation matrix of the fit parameters:
                a      b      
a               1.000 
b              -0.936  1.000 


*******************************************************************************
Tue Sep 14 23:57:18 2021


FIT:    data read from FILE1
        format = z
        #datapoints = 11
        residuals are weighted equally (unit weight)

function used for fitting: my_linear_fit1(x)
	my_linear_fit1(x) = a * x + b
fitted parameters initialized with current variable values

iter      chisq       delta/lim  lambda   a             b            
   0 6.3389000000e+00   0.00e+00  1.41e+00    1.000000e+00   1.000000e+00
   4 6.0248000320e-03  -8.21e-05  1.41e-04    1.144368e+00   1.261837e-02

After 4 iterations the fit converged.
final sum of squares of residuals : 0.0060248
rel. change during last iteration : -8.21487e-10

degrees of freedom    (FIT_NDF)                        : 9
rms of residuals      (FIT_STDFIT) = sqrt(WSSR/ndf)    : 0.0258732
variance of residuals (reduced chisquare) = WSSR/ndf   : 0.000669422

Final set of parameters            Asymptotic Standard Error
=======================            ==========================
a               = 1.14437          +/- 0.01279      (1.118%)
b               = 0.0126184        +/- 0.02214      (175.4%)

correlation matrix of the fit parameters:
                a      b      
a               1.000 
b              -0.936  1.000 


*******************************************************************************
Wed Sep 15 00:13:53 2021


FIT:    data read from FILE1 u 2:1
        format = x:z
        #datapoints = 6
        residuals are weighted equally (unit weight)

function used for fitting: my_linear_fit1(x)
	my_linear_fit1(x) = a * x + b
fitted parameters initialized with current variable values

iter      chisq       delta/lim  lambda   a             b            
   0 1.3487000000e+00   0.00e+00  1.01e+00    1.000000e+00   1.000000e+00
   4 5.2050730362e-02  -4.24e-05  1.01e-04    1.581930e+00   1.537685e-02

After 4 iterations the fit converged.
final sum of squares of residuals : 0.0520507
rel. change during last iteration : -4.24326e-10

degrees of freedom    (FIT_NDF)                        : 4
rms of residuals      (FIT_STDFIT) = sqrt(WSSR/ndf)    : 0.114073
variance of residuals (reduced chisquare) = WSSR/ndf   : 0.0130127

Final set of parameters            Asymptotic Standard Error
=======================            ==========================
a               = 1.58193          +/- 0.1439       (9.095%)
b               = 0.0153768        +/- 0.146        (949.4%)

correlation matrix of the fit parameters:
                a      b      
a               1.000 
b              -0.948  1.000 


*******************************************************************************
Wed Sep 15 00:14:50 2021


FIT:    data read from FILE1
        format = z
        #datapoints = 6
        residuals are weighted equally (unit weight)

function used for fitting: my_linear_fit1(x)
	my_linear_fit1(x) = a * x + b
fitted parameters initialized with current variable values

iter      chisq       delta/lim  lambda   a             b            
   0 1.5148700000e+01   0.00e+00  1.35e+00    1.000000e+00   1.000000e+00
   4 2.0133363413e-02  -1.36e-04  1.35e-04    6.118950e-01   2.138802e-02

After 4 iterations the fit converged.
final sum of squares of residuals : 0.0201334
rel. change during last iteration : -1.36215e-09

degrees of freedom    (FIT_NDF)                        : 4
rms of residuals      (FIT_STDFIT) = sqrt(WSSR/ndf)    : 0.070946
variance of residuals (reduced chisquare) = WSSR/ndf   : 0.00503334

Final set of parameters            Asymptotic Standard Error
=======================            ==========================
a               = 0.611895         +/- 0.05565      (9.095%)
b               = 0.021388         +/- 0.09029      (422.1%)

correlation matrix of the fit parameters:
                a      b      
a               1.000 
b              -0.947  1.000 


*******************************************************************************
Wed Sep 15 00:16:47 2021


FIT:    data read from FILE1 u (1 / ($2)*($2)):(1 / ($1)*($1))
        format = x:z
        #datapoints = 6
        residuals are weighted equally (unit weight)

function used for fitting: my_linear_fit1(x)
	my_linear_fit1(x) = a * x + b
fitted parameters initialized with current variable values

iter      chisq       delta/lim  lambda   a             b            
   0 6.0000000000e+00   0.00e+00  1.00e+00    1.000000e+00   1.000000e+00
   5 6.1629758220e-32   0.00e+00  1.00e-05    5.000000e-01   5.000000e-01

After 5 iterations the fit converged.
final sum of squares of residuals : 6.16298e-32
abs. change during last iteration : 0


Hmmmm.... Sum of squared residuals is zero. Can't compute errors.

Final set of parameters 
======================= 

a               = 0.5            
b               = 0.5            


*******************************************************************************
Wed Sep 15 00:18:05 2021


FIT:    data read from FILE1 u (1 / ($2)/($2)):(1 / ($1)/($1))
        format = x:z
        #datapoints = 6
        residuals are weighted equally (unit weight)

function used for fitting: my_linear_fit1(x)
	my_linear_fit1(x) = a * x + b
fitted parameters initialized with current variable values

iter      chisq       delta/lim  lambda   a             b            
   0 2.4287920031e+01   0.00e+00  1.48e+00    1.000000e+00   1.000000e+00
   4 1.5355994343e-02  -5.75e-06  1.48e-04    4.009031e-01  -1.503701e-03

After 4 iterations the fit converged.
final sum of squares of residuals : 0.015356
rel. change during last iteration : -5.75244e-11

degrees of freedom    (FIT_NDF)                        : 4
rms of residuals      (FIT_STDFIT) = sqrt(WSSR/ndf)    : 0.0619597
variance of residuals (reduced chisquare) = WSSR/ndf   : 0.003839

Final set of parameters            Asymptotic Standard Error
=======================            ==========================
a               = 0.400903         +/- 0.02472      (6.165%)
b               = -0.0015037       +/- 0.04541      (3020%)

correlation matrix of the fit parameters:
                a      b      
a               1.000 
b              -0.830  1.000 


*******************************************************************************
Wed Sep 15 00:18:58 2021


FIT:    data read from FILE1 u (1 / ($1)/($1)):(1 / ($2)/($2))
        format = x:z
        #datapoints = 6
        residuals are weighted equally (unit weight)

function used for fitting: my_linear_fit1(x)
	my_linear_fit1(x) = a * x + b
fitted parameters initialized with current variable values

iter      chisq       delta/lim  lambda   a             b            
   0 2.3137873150e+00   0.00e+00  8.78e-01    1.000000e+00   1.000000e+00
   4 9.4112294305e-02  -8.09e-07  8.78e-05    2.457015e+00   2.654285e-02

After 4 iterations the fit converged.
final sum of squares of residuals : 0.0941123
rel. change during last iteration : -8.09009e-12

degrees of freedom    (FIT_NDF)                        : 4
rms of residuals      (FIT_STDFIT) = sqrt(WSSR/ndf)    : 0.153389
variance of residuals (reduced chisquare) = WSSR/ndf   : 0.0235281

Final set of parameters            Asymptotic Standard Error
=======================            ==========================
a               = 2.45702          +/- 0.1515       (6.165%)
b               = 0.0265428        +/- 0.1116       (420.6%)

correlation matrix of the fit parameters:
                a      b      
a               1.000 
b              -0.828  1.000 


*******************************************************************************
Wed Sep 15 00:19:40 2021


FIT:    data read from FILE1 u (1 / ($1)/($1)):(1 / ($2)/($2))
        format = x:z
        #datapoints = 6
        residuals are weighted equally (unit weight)

function used for fitting: my_linear_fit1(x)
	my_linear_fit1(x) = a * x + b
fitted parameters initialized with current variable values

iter      chisq       delta/lim  lambda   a             b            
   0 2.3137873150e+00   0.00e+00  8.78e-01    1.000000e+00   1.000000e+00
   4 9.4112294305e-02  -8.09e-07  8.78e-05    2.457015e+00   2.654285e-02

After 4 iterations the fit converged.
final sum of squares of residuals : 0.0941123
rel. change during last iteration : -8.09009e-12

degrees of freedom    (FIT_NDF)                        : 4
rms of residuals      (FIT_STDFIT) = sqrt(WSSR/ndf)    : 0.153389
variance of residuals (reduced chisquare) = WSSR/ndf   : 0.0235281

Final set of parameters            Asymptotic Standard Error
=======================            ==========================
a               = 2.45702          +/- 0.1515       (6.165%)
b               = 0.0265428        +/- 0.1116       (420.6%)

correlation matrix of the fit parameters:
                a      b      
a               1.000 
b              -0.828  1.000 
