

*******************************************************************************
Wed Nov 24 03:35:25 2021


FIT:    data read from FILE1 using 1:2
        format = x:z
        #datapoints = 6
        residuals are weighted equally (unit weight)

function used for fitting: app_fit1(x)
	app_fit1(x) = a*x + b
fitted parameters initialized with current variable values

iter      chisq       delta/lim  lambda   a             b            
   0 1.2159696323e+06   0.00e+00  8.27e-01    1.000000e+00   1.000000e+00
   4 1.8063773780e+01  -5.76e-02  8.27e-05    6.919148e+02   3.313413e+01

After 4 iterations the fit converged.
final sum of squares of residuals : 18.0638
rel. change during last iteration : -5.75875e-07

degrees of freedom    (FIT_NDF)                        : 4
rms of residuals      (FIT_STDFIT) = sqrt(WSSR/ndf)    : 2.12507
variance of residuals (reduced chisquare) = WSSR/ndf   : 4.51594

Final set of parameters            Asymptotic Standard Error
=======================            ==========================
a               = 691.915          +/- 4.56         (0.6591%)
b               = 33.1341          +/- 2.769        (8.358%)

correlation matrix of the fit parameters:
                a      b      
a               1.000 
b              -0.950  1.000 


*******************************************************************************
Wed Nov 24 03:36:08 2021


FIT:    data read from FILE1 using 1:2
        format = x:z
        x range restricted to [0.00000 : 1.00000]
        #datapoints = 6
        residuals are weighted equally (unit weight)

function used for fitting: app_fit1(x)
	app_fit1(x) = a*x + b
fitted parameters initialized with current variable values

iter      chisq       delta/lim  lambda   a             b            
   0 1.2159696323e+06   0.00e+00  8.27e-01    1.000000e+00   1.000000e+00
   4 1.8063773780e+01  -5.76e-02  8.27e-05    6.919148e+02   3.313413e+01

After 4 iterations the fit converged.
final sum of squares of residuals : 18.0638
rel. change during last iteration : -5.75875e-07

degrees of freedom    (FIT_NDF)                        : 4
rms of residuals      (FIT_STDFIT) = sqrt(WSSR/ndf)    : 2.12507
variance of residuals (reduced chisquare) = WSSR/ndf   : 4.51594

Final set of parameters            Asymptotic Standard Error
=======================            ==========================
a               = 691.915          +/- 4.56         (0.6591%)
b               = 33.1341          +/- 2.769        (8.358%)

correlation matrix of the fit parameters:
                a      b      
a               1.000 
b              -0.950  1.000 


*******************************************************************************
Wed Nov 24 03:38:13 2021


FIT:    data read from FILE1 using 1:2
        format = x:z
        x range restricted to [0.00000 : 1.00000]
        #datapoints = 6
        residuals are weighted equally (unit weight)

function used for fitting: app_fit1(x)
	app_fit1(x) = a*x + b
fitted parameters initialized with current variable values

iter      chisq       delta/lim  lambda   a             b            
   0 1.2159696323e+06   0.00e+00  8.27e-01    1.000000e+00   1.000000e+00
   4 1.8063773780e+01  -5.76e-02  8.27e-05    6.919148e+02   3.313413e+01

After 4 iterations the fit converged.
final sum of squares of residuals : 18.0638
rel. change during last iteration : -5.75875e-07

degrees of freedom    (FIT_NDF)                        : 4
rms of residuals      (FIT_STDFIT) = sqrt(WSSR/ndf)    : 2.12507
variance of residuals (reduced chisquare) = WSSR/ndf   : 4.51594

Final set of parameters            Asymptotic Standard Error
=======================            ==========================
a               = 691.915          +/- 4.56         (0.6591%)
b               = 33.1341          +/- 2.769        (8.358%)

correlation matrix of the fit parameters:
                a      b      
a               1.000 
b              -0.950  1.000 


*******************************************************************************
Wed Nov 24 03:38:52 2021


FIT:    data read from FILE1 using 1:2
        format = x:z
        x range restricted to [0.00000 : 1.00000]
        #datapoints = 6
        residuals are weighted equally (unit weight)

function used for fitting: app_fit1(x)
	app_fit1(x) = a*x + b
fitted parameters initialized with current variable values

iter      chisq       delta/lim  lambda   a             b            
   0 1.2159696323e+06   0.00e+00  8.27e-01    1.000000e+00   1.000000e+00
   4 1.8063773780e+01  -5.76e-02  8.27e-05    6.919148e+02   3.313413e+01

After 4 iterations the fit converged.
final sum of squares of residuals : 18.0638
rel. change during last iteration : -5.75875e-07

degrees of freedom    (FIT_NDF)                        : 4
rms of residuals      (FIT_STDFIT) = sqrt(WSSR/ndf)    : 2.12507
variance of residuals (reduced chisquare) = WSSR/ndf   : 4.51594

Final set of parameters            Asymptotic Standard Error
=======================            ==========================
a               = 691.915          +/- 4.56         (0.6591%)
b               = 33.1341          +/- 2.769        (8.358%)

correlation matrix of the fit parameters:
                a      b      
a               1.000 
b              -0.950  1.000 


*******************************************************************************
Wed Nov 24 03:51:59 2021


FIT:    data read from FILE1 using 1:2
        format = x:z
        x range restricted to [0.00000 : 1.00000]
        #datapoints = 6
        residuals are weighted equally (unit weight)

function used for fitting: app_fit1(x)
	app_fit1(x) = a*x + b
fitted parameters initialized with current variable values

iter      chisq       delta/lim  lambda   a             b            
   0 1.2159696323e+06   0.00e+00  8.27e-01    1.000000e+00   1.000000e+00
   4 1.8063773780e+01  -5.76e-02  8.27e-05    6.919148e+02   3.313413e+01

After 4 iterations the fit converged.
final sum of squares of residuals : 18.0638
rel. change during last iteration : -5.75875e-07

degrees of freedom    (FIT_NDF)                        : 4
rms of residuals      (FIT_STDFIT) = sqrt(WSSR/ndf)    : 2.12507
variance of residuals (reduced chisquare) = WSSR/ndf   : 4.51594

Final set of parameters            Asymptotic Standard Error
=======================            ==========================
a               = 691.915          +/- 4.56         (0.6591%)
b               = 33.1341          +/- 2.769        (8.358%)

correlation matrix of the fit parameters:
                a      b      
a               1.000 
b              -0.950  1.000 


*******************************************************************************
Wed Nov 24 03:52:52 2021


FIT:    data read from FILE1 using 1:2
        format = x:z
        x range restricted to [0.00000 : 1.00000]
        #datapoints = 6
        residuals are weighted equally (unit weight)

function used for fitting: app_fit1(x)
	app_fit1(x) = a*x + b
fitted parameters initialized with current variable values

iter      chisq       delta/lim  lambda   a             b            
   0 1.2159696323e+06   0.00e+00  8.27e-01    1.000000e+00   1.000000e+00
   4 1.8063773780e+01  -5.76e-02  8.27e-05    6.919148e+02   3.313413e+01

After 4 iterations the fit converged.
final sum of squares of residuals : 18.0638
rel. change during last iteration : -5.75875e-07

degrees of freedom    (FIT_NDF)                        : 4
rms of residuals      (FIT_STDFIT) = sqrt(WSSR/ndf)    : 2.12507
variance of residuals (reduced chisquare) = WSSR/ndf   : 4.51594

Final set of parameters            Asymptotic Standard Error
=======================            ==========================
a               = 691.915          +/- 4.56         (0.6591%)
b               = 33.1341          +/- 2.769        (8.358%)

correlation matrix of the fit parameters:
                a      b      
a               1.000 
b              -0.950  1.000 


*******************************************************************************
Wed Nov 24 03:53:26 2021


FIT:    data read from FILE1 using 1:2
        format = x:z
        x range restricted to [0.00000 : 1.00000]
        #datapoints = 6
        residuals are weighted equally (unit weight)

function used for fitting: app_fit1(x)
	app_fit1(x) = a*x + b
fitted parameters initialized with current variable values

iter      chisq       delta/lim  lambda   a             b            
   0 1.2159696323e+06   0.00e+00  8.27e-01    1.000000e+00   1.000000e+00
   4 1.8063773780e+01  -5.76e-02  8.27e-05    6.919148e+02   3.313413e+01

After 4 iterations the fit converged.
final sum of squares of residuals : 18.0638
rel. change during last iteration : -5.75875e-07

degrees of freedom    (FIT_NDF)                        : 4
rms of residuals      (FIT_STDFIT) = sqrt(WSSR/ndf)    : 2.12507
variance of residuals (reduced chisquare) = WSSR/ndf   : 4.51594

Final set of parameters            Asymptotic Standard Error
=======================            ==========================
a               = 691.915          +/- 4.56         (0.6591%)
b               = 33.1341          +/- 2.769        (8.358%)

correlation matrix of the fit parameters:
                a      b      
a               1.000 
b              -0.950  1.000 


*******************************************************************************
Wed Nov 24 03:54:25 2021


FIT:    data read from FILE1 using 1:2
        format = x:z
        x range restricted to [0.00000 : 1.00000]
        #datapoints = 6
        residuals are weighted equally (unit weight)

function used for fitting: app_fit1(x)
	app_fit1(x) = a*x + b
fitted parameters initialized with current variable values

iter      chisq       delta/lim  lambda   a             b            
   0 1.2159696323e+06   0.00e+00  8.27e-01    1.000000e+00   1.000000e+00
   4 1.8063773780e+01  -5.76e-02  8.27e-05    6.919148e+02   3.313413e+01

After 4 iterations the fit converged.
final sum of squares of residuals : 18.0638
rel. change during last iteration : -5.75875e-07

degrees of freedom    (FIT_NDF)                        : 4
rms of residuals      (FIT_STDFIT) = sqrt(WSSR/ndf)    : 2.12507
variance of residuals (reduced chisquare) = WSSR/ndf   : 4.51594

Final set of parameters            Asymptotic Standard Error
=======================            ==========================
a               = 691.915          +/- 4.56         (0.6591%)
b               = 33.1341          +/- 2.769        (8.358%)

correlation matrix of the fit parameters:
                a      b      
a               1.000 
b              -0.950  1.000 


*******************************************************************************
Wed Nov 24 03:54:54 2021


FIT:    data read from FILE1 using 1:2
        format = x:z
        x range restricted to [0.00000 : 1.00000]
        #datapoints = 6
        residuals are weighted equally (unit weight)

function used for fitting: app_fit1(x)
	app_fit1(x) = a*x + b
fitted parameters initialized with current variable values

iter      chisq       delta/lim  lambda   a             b            
   0 1.2159696323e+06   0.00e+00  8.27e-01    1.000000e+00   1.000000e+00
   4 1.8063773780e+01  -5.76e-02  8.27e-05    6.919148e+02   3.313413e+01

After 4 iterations the fit converged.
final sum of squares of residuals : 18.0638
rel. change during last iteration : -5.75875e-07

degrees of freedom    (FIT_NDF)                        : 4
rms of residuals      (FIT_STDFIT) = sqrt(WSSR/ndf)    : 2.12507
variance of residuals (reduced chisquare) = WSSR/ndf   : 4.51594

Final set of parameters            Asymptotic Standard Error
=======================            ==========================
a               = 691.915          +/- 4.56         (0.6591%)
b               = 33.1341          +/- 2.769        (8.358%)

correlation matrix of the fit parameters:
                a      b      
a               1.000 
b              -0.950  1.000 


*******************************************************************************
Wed Nov 24 03:57:27 2021


FIT:    data read from FILE1 using 1:2
        format = x:z
        x range restricted to [0.00000 : 1.00000]
        #datapoints = 6
        residuals are weighted equally (unit weight)

function used for fitting: app_fit1(x)
	app_fit1(x) = a*x + b
fitted parameters initialized with current variable values

iter      chisq       delta/lim  lambda   a             b            
   0 1.2159696323e+06   0.00e+00  8.27e-01    1.000000e+00   1.000000e+00
   4 1.8063773780e+01  -5.76e-02  8.27e-05    6.919148e+02   3.313413e+01

After 4 iterations the fit converged.
final sum of squares of residuals : 18.0638
rel. change during last iteration : -5.75875e-07

degrees of freedom    (FIT_NDF)                        : 4
rms of residuals      (FIT_STDFIT) = sqrt(WSSR/ndf)    : 2.12507
variance of residuals (reduced chisquare) = WSSR/ndf   : 4.51594

Final set of parameters            Asymptotic Standard Error
=======================            ==========================
a               = 691.915          +/- 4.56         (0.6591%)
b               = 33.1341          +/- 2.769        (8.358%)

correlation matrix of the fit parameters:
                a      b      
a               1.000 
b              -0.950  1.000 


*******************************************************************************
Wed Nov 24 03:59:24 2021


FIT:    data read from FILE1 using 1:2
        format = x:z
        x range restricted to [0.00000 : 1.00000]
        #datapoints = 6
        residuals are weighted equally (unit weight)

function used for fitting: app_fit1(x)
	app_fit1(x) = a*x + b
fitted parameters initialized with current variable values

iter      chisq       delta/lim  lambda   a             b            
   0 1.2159696323e+06   0.00e+00  8.27e-01    1.000000e+00   1.000000e+00
   4 1.8063773780e+01  -5.76e-02  8.27e-05    6.919148e+02   3.313413e+01

After 4 iterations the fit converged.
final sum of squares of residuals : 18.0638
rel. change during last iteration : -5.75875e-07

degrees of freedom    (FIT_NDF)                        : 4
rms of residuals      (FIT_STDFIT) = sqrt(WSSR/ndf)    : 2.12507
variance of residuals (reduced chisquare) = WSSR/ndf   : 4.51594

Final set of parameters            Asymptotic Standard Error
=======================            ==========================
a               = 691.915          +/- 4.56         (0.6591%)
b               = 33.1341          +/- 2.769        (8.358%)

correlation matrix of the fit parameters:
                a      b      
a               1.000 
b              -0.950  1.000 


*******************************************************************************
Wed Nov 24 03:59:45 2021


FIT:    data read from FILE1 using 1:2
        format = x:z
        x range restricted to [0.00000 : 1.00000]
        #datapoints = 6
        residuals are weighted equally (unit weight)

function used for fitting: app_fit1(x)
	app_fit1(x) = a*x + b
fitted parameters initialized with current variable values

iter      chisq       delta/lim  lambda   a             b            
   0 1.2159696323e+06   0.00e+00  8.27e-01    1.000000e+00   1.000000e+00
   4 1.8063773780e+01  -5.76e-02  8.27e-05    6.919148e+02   3.313413e+01

After 4 iterations the fit converged.
final sum of squares of residuals : 18.0638
rel. change during last iteration : -5.75875e-07

degrees of freedom    (FIT_NDF)                        : 4
rms of residuals      (FIT_STDFIT) = sqrt(WSSR/ndf)    : 2.12507
variance of residuals (reduced chisquare) = WSSR/ndf   : 4.51594

Final set of parameters            Asymptotic Standard Error
=======================            ==========================
a               = 691.915          +/- 4.56         (0.6591%)
b               = 33.1341          +/- 2.769        (8.358%)

correlation matrix of the fit parameters:
                a      b      
a               1.000 
b              -0.950  1.000 


*******************************************************************************
Wed Nov 24 04:03:48 2021


FIT:    data read from FILE1 using 1:2
        format = x:z
        x range restricted to [0.00000 : 1.00000]
        #datapoints = 6
        residuals are weighted equally (unit weight)

function used for fitting: app_fit1(x)
	app_fit1(x) = a*x + b
fitted parameters initialized with current variable values

iter      chisq       delta/lim  lambda   a             b            
   0 1.2159696323e+06   0.00e+00  8.27e-01    1.000000e+00   1.000000e+00
   4 1.8063773780e+01  -5.76e-02  8.27e-05    6.919148e+02   3.313413e+01

After 4 iterations the fit converged.
final sum of squares of residuals : 18.0638
rel. change during last iteration : -5.75875e-07

degrees of freedom    (FIT_NDF)                        : 4
rms of residuals      (FIT_STDFIT) = sqrt(WSSR/ndf)    : 2.12507
variance of residuals (reduced chisquare) = WSSR/ndf   : 4.51594

Final set of parameters            Asymptotic Standard Error
=======================            ==========================
a               = 691.915          +/- 4.56         (0.6591%)
b               = 33.1341          +/- 2.769        (8.358%)

correlation matrix of the fit parameters:
                a      b      
a               1.000 
b              -0.950  1.000 


*******************************************************************************
Wed Nov 24 04:03:59 2021


FIT:    data read from FILE1 using 1:2
        format = x:z
        x range restricted to [0.00000 : 1.00000]
        #datapoints = 6
        residuals are weighted equally (unit weight)

function used for fitting: app_fit1(x)
	app_fit1(x) = a*x + b
fitted parameters initialized with current variable values

iter      chisq       delta/lim  lambda   a             b            
   0 1.2159696323e+06   0.00e+00  8.27e-01    1.000000e+00   1.000000e+00
   4 1.8063773780e+01  -5.76e-02  8.27e-05    6.919148e+02   3.313413e+01

After 4 iterations the fit converged.
final sum of squares of residuals : 18.0638
rel. change during last iteration : -5.75875e-07

degrees of freedom    (FIT_NDF)                        : 4
rms of residuals      (FIT_STDFIT) = sqrt(WSSR/ndf)    : 2.12507
variance of residuals (reduced chisquare) = WSSR/ndf   : 4.51594

Final set of parameters            Asymptotic Standard Error
=======================            ==========================
a               = 691.915          +/- 4.56         (0.6591%)
b               = 33.1341          +/- 2.769        (8.358%)

correlation matrix of the fit parameters:
                a      b      
a               1.000 
b              -0.950  1.000 


*******************************************************************************
Wed Nov 24 04:21:59 2021


FIT:    data read from FILE1 using 1:2
        format = x:z
        x range restricted to [0.00000 : 1.00000]
        #datapoints = 6
        residuals are weighted equally (unit weight)

function used for fitting: app_fit1(x)
	app_fit1(x) = a*x + b
fitted parameters initialized with current variable values

iter      chisq       delta/lim  lambda   a             b            
   0 1.2159696323e+06   0.00e+00  8.27e-01    1.000000e+00   1.000000e+00
   4 1.8063773780e+01  -5.76e-02  8.27e-05    6.919148e+02   3.313413e+01

After 4 iterations the fit converged.
final sum of squares of residuals : 18.0638
rel. change during last iteration : -5.75875e-07

degrees of freedom    (FIT_NDF)                        : 4
rms of residuals      (FIT_STDFIT) = sqrt(WSSR/ndf)    : 2.12507
variance of residuals (reduced chisquare) = WSSR/ndf   : 4.51594

Final set of parameters            Asymptotic Standard Error
=======================            ==========================
a               = 691.915          +/- 4.56         (0.6591%)
b               = 33.1341          +/- 2.769        (8.358%)

correlation matrix of the fit parameters:
                a      b      
a               1.000 
b              -0.950  1.000 


*******************************************************************************
Wed Nov 24 04:22:20 2021


FIT:    data read from FILE1 using 1:2
        format = x:z
        x range restricted to [0.100000 : 1.00000]
        #datapoints = 6
        residuals are weighted equally (unit weight)

function used for fitting: app_fit1(x)
	app_fit1(x) = a*x + b
fitted parameters initialized with current variable values

iter      chisq       delta/lim  lambda   a             b            
   0 1.2159696323e+06   0.00e+00  8.27e-01    1.000000e+00   1.000000e+00
   4 1.8063773780e+01  -5.76e-02  8.27e-05    6.919148e+02   3.313413e+01

After 4 iterations the fit converged.
final sum of squares of residuals : 18.0638
rel. change during last iteration : -5.75875e-07

degrees of freedom    (FIT_NDF)                        : 4
rms of residuals      (FIT_STDFIT) = sqrt(WSSR/ndf)    : 2.12507
variance of residuals (reduced chisquare) = WSSR/ndf   : 4.51594

Final set of parameters            Asymptotic Standard Error
=======================            ==========================
a               = 691.915          +/- 4.56         (0.6591%)
b               = 33.1341          +/- 2.769        (8.358%)

correlation matrix of the fit parameters:
                a      b      
a               1.000 
b              -0.950  1.000 


*******************************************************************************
Wed Nov 24 04:26:07 2021


FIT:    data read from FILE1 using 1:2
        format = x:z
        x range restricted to [0.100000 : 1.00000]
        #datapoints = 6
        residuals are weighted equally (unit weight)

function used for fitting: app_fit1(x)
	app_fit1(x) = a*x + b
fitted parameters initialized with current variable values

iter      chisq       delta/lim  lambda   a             b            
   0 1.2159696323e+06   0.00e+00  8.27e-01    1.000000e+00   1.000000e+00
   4 1.8063773780e+01  -5.76e-02  8.27e-05    6.919148e+02   3.313413e+01

After 4 iterations the fit converged.
final sum of squares of residuals : 18.0638
rel. change during last iteration : -5.75875e-07

degrees of freedom    (FIT_NDF)                        : 4
rms of residuals      (FIT_STDFIT) = sqrt(WSSR/ndf)    : 2.12507
variance of residuals (reduced chisquare) = WSSR/ndf   : 4.51594

Final set of parameters            Asymptotic Standard Error
=======================            ==========================
a               = 691.915          +/- 4.56         (0.6591%)
b               = 33.1341          +/- 2.769        (8.358%)

correlation matrix of the fit parameters:
                a      b      
a               1.000 
b              -0.950  1.000 
