

*******************************************************************************
Wed Sep 29 00:23:54 2021


FIT:    data read from FILE1 using 1:2
        format = x:z
        #datapoints = 13
        residuals are weighted equally (unit weight)

function used for fitting: app_fit1(x, y)
	app_fit1(x, y) = a * y / b * x
fitted parameters initialized with current variable values

iter      chisq       delta/lim  lambda   a             b            
   0 1.1738665000e+03   0.00e+00  0.00e+00    1.000000e+00   1.000000e+00
BREAK: Singular matrix in Givens()

*******************************************************************************
Wed Sep 29 00:25:02 2021


FIT:    data read from FILE1 using 1:2
        format = x:z
        #datapoints = 13
        residuals are weighted equally (unit weight)

function used for fitting: app_fit1(x)
	app_fit1(x) = a / b * x
fitted parameters initialized with current variable values

iter      chisq       delta/lim  lambda   a             b            
   0 7.9540650000e+02   0.00e+00  1.31e+01    1.000000e+00   1.000000e+00
   4 4.1350677347e+02  -5.44e-06  1.31e-03    7.295081e-01   1.246514e+00

After 4 iterations the fit converged.
final sum of squares of residuals : 413.507
rel. change during last iteration : -5.44474e-11

degrees of freedom    (FIT_NDF)                        : 11
rms of residuals      (FIT_STDFIT) = sqrt(WSSR/ndf)    : 6.13119
variance of residuals (reduced chisquare) = WSSR/ndf   : 37.5915

Final set of parameters            Asymptotic Standard Error
=======================            ==========================
a               = 0.729508         +/- 1.931e+12    (2.647e+14%)
b               = 1.24651          +/- 3.303e+12    (2.65e+14%)

correlation matrix of the fit parameters:
                a      b      
a               1.000 
b               1.000  1.000 


*******************************************************************************
Wed Sep 29 00:25:02 2021


FIT:    data read from FILE1 using 1:3
        format = x:z
        #datapoints = 13
        residuals are weighted equally (unit weight)

function used for fitting: app_fit2(x)
	app_fit2(x) = c / d * x
fitted parameters initialized with current variable values

iter      chisq       delta/lim  lambda   c             d            
   0 1.9021303000e+03   0.00e+00  1.31e+01    1.000000e+00   1.000000e+00
   4 6.0822416216e+00  -2.80e-01  1.31e-03    1.212136e-01   1.598326e+00

After 4 iterations the fit converged.
final sum of squares of residuals : 6.08224
rel. change during last iteration : -2.79694e-06

degrees of freedom    (FIT_NDF)                        : 11
rms of residuals      (FIT_STDFIT) = sqrt(WSSR/ndf)    : 0.743593
variance of residuals (reduced chisquare) = WSSR/ndf   : 0.552931

Final set of parameters            Asymptotic Standard Error
=======================            ==========================
c               = 0.121214         +/- 3.71e+11     (3.061e+14%)
d               = 1.59833          +/- 4.898e+12    (3.064e+14%)

correlation matrix of the fit parameters:
                c      d      
c               1.000 
d               1.000  1.000 


*******************************************************************************
Wed Sep 29 00:25:44 2021


FIT:    data read from FILE1 using 1:2
        format = x:z
        #datapoints = 13
        residuals are weighted equally (unit weight)

function used for fitting: app_fit1(x)
	app_fit1(x) = a / x
fitted parameters initialized with current variable values

iter      chisq       delta/lim  lambda   a            
   0 1.1474573200e+03   0.00e+00  1.09e-01    1.000000e+00
   3 3.1075189811e+01  -1.08e-02  1.09e-04    8.604208e+01

After 3 iterations the fit converged.
final sum of squares of residuals : 31.0752
rel. change during last iteration : -1.0829e-07

degrees of freedom    (FIT_NDF)                        : 12
rms of residuals      (FIT_STDFIT) = sqrt(WSSR/ndf)    : 1.60922
variance of residuals (reduced chisquare) = WSSR/ndf   : 2.5896

Final set of parameters            Asymptotic Standard Error
=======================            ==========================
a               = 86.0421          +/- 4.096        (4.76%)


*******************************************************************************
Wed Sep 29 00:25:44 2021


FIT:    data read from FILE1 using 1:3
        format = x:z
        #datapoints = 13
        residuals are weighted equally (unit weight)

function used for fitting: app_fit2(x)
	app_fit2(x) = c / x
fitted parameters initialized with current variable values

iter      chisq       delta/lim  lambda   c            
   0 1.5661104469e+01   0.00e+00  1.09e-01    1.000000e+00
   3 7.4469914187e-01  -6.04e-03  1.09e-04    1.083014e+01

After 3 iterations the fit converged.
final sum of squares of residuals : 0.744699
rel. change during last iteration : -6.03772e-08

degrees of freedom    (FIT_NDF)                        : 12
rms of residuals      (FIT_STDFIT) = sqrt(WSSR/ndf)    : 0.249115
variance of residuals (reduced chisquare) = WSSR/ndf   : 0.0620583

Final set of parameters            Asymptotic Standard Error
=======================            ==========================
c               = 10.8301          +/- 0.6341       (5.855%)


*******************************************************************************
Wed Sep 29 00:26:53 2021


FIT:    data read from FILE1 using 1:2
        format = x:z
        #datapoints = 13
        residuals are weighted equally (unit weight)

function used for fitting: app_fit1(x)
	app_fit1(x) = a / x
fitted parameters initialized with current variable values

iter      chisq       delta/lim  lambda   a            
   0 1.1474573200e+03   0.00e+00  1.09e-01    1.000000e+00
   3 3.1075189811e+01  -1.08e-02  1.09e-04    8.604208e+01

After 3 iterations the fit converged.
final sum of squares of residuals : 31.0752
rel. change during last iteration : -1.0829e-07

degrees of freedom    (FIT_NDF)                        : 12
rms of residuals      (FIT_STDFIT) = sqrt(WSSR/ndf)    : 1.60922
variance of residuals (reduced chisquare) = WSSR/ndf   : 2.5896

Final set of parameters            Asymptotic Standard Error
=======================            ==========================
a               = 86.0421          +/- 4.096        (4.76%)


*******************************************************************************
Wed Sep 29 00:26:53 2021


FIT:    data read from FILE1 using 1:3
        format = x:z
        #datapoints = 13
        residuals are weighted equally (unit weight)

function used for fitting: app_fit2(x)
	app_fit2(x) = c / x
fitted parameters initialized with current variable values

iter      chisq       delta/lim  lambda   c            
   0 1.5661104469e+01   0.00e+00  1.09e-01    1.000000e+00
   3 7.4469914187e-01  -6.04e-03  1.09e-04    1.083014e+01

After 3 iterations the fit converged.
final sum of squares of residuals : 0.744699
rel. change during last iteration : -6.03772e-08

degrees of freedom    (FIT_NDF)                        : 12
rms of residuals      (FIT_STDFIT) = sqrt(WSSR/ndf)    : 0.249115
variance of residuals (reduced chisquare) = WSSR/ndf   : 0.0620583

Final set of parameters            Asymptotic Standard Error
=======================            ==========================
c               = 10.8301          +/- 0.6341       (5.855%)


*******************************************************************************
Wed Sep 29 00:27:29 2021


FIT:    data read from FILE1 using 1:2
        format = x:z
        #datapoints = 13
        residuals are weighted equally (unit weight)

function used for fitting: app_fit1(x)
	app_fit1(x) = a / x
fitted parameters initialized with current variable values

iter      chisq       delta/lim  lambda   a            
   0 1.1474573200e+03   0.00e+00  1.09e-01    1.000000e+00
   3 3.1075189811e+01  -1.08e-02  1.09e-04    8.604208e+01

After 3 iterations the fit converged.
final sum of squares of residuals : 31.0752
rel. change during last iteration : -1.0829e-07

degrees of freedom    (FIT_NDF)                        : 12
rms of residuals      (FIT_STDFIT) = sqrt(WSSR/ndf)    : 1.60922
variance of residuals (reduced chisquare) = WSSR/ndf   : 2.5896

Final set of parameters            Asymptotic Standard Error
=======================            ==========================
a               = 86.0421          +/- 4.096        (4.76%)


*******************************************************************************
Wed Sep 29 00:27:29 2021


FIT:    data read from FILE1 using 1:3
        format = x:z
        #datapoints = 13
        residuals are weighted equally (unit weight)

function used for fitting: app_fit2(x)
	app_fit2(x) = c / x
fitted parameters initialized with current variable values

iter      chisq       delta/lim  lambda   c            
   0 1.5661104469e+01   0.00e+00  1.09e-01    1.000000e+00
   3 7.4469914187e-01  -6.04e-03  1.09e-04    1.083014e+01

After 3 iterations the fit converged.
final sum of squares of residuals : 0.744699
rel. change during last iteration : -6.03772e-08

degrees of freedom    (FIT_NDF)                        : 12
rms of residuals      (FIT_STDFIT) = sqrt(WSSR/ndf)    : 0.249115
variance of residuals (reduced chisquare) = WSSR/ndf   : 0.0620583

Final set of parameters            Asymptotic Standard Error
=======================            ==========================
c               = 10.8301          +/- 0.6341       (5.855%)


*******************************************************************************
Wed Sep 29 00:28:51 2021


FIT:    data read from FILE1 using 1:2
        format = x:z
        #datapoints = 13
        residuals are weighted equally (unit weight)

function used for fitting: app_fit1(x)
	app_fit1(x) = b + a / x
fitted parameters initialized with current variable values

iter      chisq       delta/lim  lambda   a             b            
   0 9.2485216438e+02   0.00e+00  7.11e-01    1.000000e+00   1.000000e+00
   5 5.0004521091e-01  -5.33e-10  7.11e-06    5.538358e+01   3.675996e+00

After 5 iterations the fit converged.
final sum of squares of residuals : 0.500045
rel. change during last iteration : -5.32859e-15

degrees of freedom    (FIT_NDF)                        : 11
rms of residuals      (FIT_STDFIT) = sqrt(WSSR/ndf)    : 0.21321
variance of residuals (reduced chisquare) = WSSR/ndf   : 0.0454587

Final set of parameters            Asymptotic Standard Error
=======================            ==========================
a               = 55.3836          +/- 1.301        (2.349%)
b               = 3.676            +/- 0.1417       (3.856%)

correlation matrix of the fit parameters:
                a      b      
a               1.000 
b              -0.909  1.000 


*******************************************************************************
Wed Sep 29 00:28:51 2021


FIT:    data read from FILE1 using 1:3
        format = x:z
        #datapoints = 13
        residuals are weighted equally (unit weight)

function used for fitting: app_fit2(x)
	app_fit2(x) = d + c / x
fitted parameters initialized with current variable values

iter      chisq       delta/lim  lambda   c             d            
   0 7.7594886262e-01   0.00e+00  7.11e-01    1.000000e+00   1.000000e+00
   4 1.2604678149e-02  -4.56e-01  7.11e-05    6.086076e+00   5.688193e-01

After 4 iterations the fit converged.
final sum of squares of residuals : 0.0126047
rel. change during last iteration : -4.56398e-06

degrees of freedom    (FIT_NDF)                        : 11
rms of residuals      (FIT_STDFIT) = sqrt(WSSR/ndf)    : 0.0338508
variance of residuals (reduced chisquare) = WSSR/ndf   : 0.00114588

Final set of parameters            Asymptotic Standard Error
=======================            ==========================
c               = 6.08608          +/- 0.2065       (3.393%)
d               = 0.568819         +/- 0.0225       (3.956%)

correlation matrix of the fit parameters:
                c      d      
c               1.000 
d              -0.909  1.000 


*******************************************************************************
Wed Sep 29 00:29:17 2021


FIT:    data read from FILE1 using 1:2
        format = x:z
        #datapoints = 13
        residuals are weighted equally (unit weight)

function used for fitting: app_fit1(x)
	app_fit1(x) = b + a / x
fitted parameters initialized with current variable values

iter      chisq       delta/lim  lambda   a             b            
   0 9.2485216438e+02   0.00e+00  7.11e-01    1.000000e+00   1.000000e+00
   5 5.0004521091e-01  -5.33e-10  7.11e-06    5.538358e+01   3.675996e+00

After 5 iterations the fit converged.
final sum of squares of residuals : 0.500045
rel. change during last iteration : -5.32859e-15

degrees of freedom    (FIT_NDF)                        : 11
rms of residuals      (FIT_STDFIT) = sqrt(WSSR/ndf)    : 0.21321
variance of residuals (reduced chisquare) = WSSR/ndf   : 0.0454587

Final set of parameters            Asymptotic Standard Error
=======================            ==========================
a               = 55.3836          +/- 1.301        (2.349%)
b               = 3.676            +/- 0.1417       (3.856%)

correlation matrix of the fit parameters:
                a      b      
a               1.000 
b              -0.909  1.000 


*******************************************************************************
Wed Sep 29 00:29:17 2021


FIT:    data read from FILE1 using 1:3
        format = x:z
        #datapoints = 13
        residuals are weighted equally (unit weight)

function used for fitting: app_fit2(x)
	app_fit2(x) = d + c / x
fitted parameters initialized with current variable values

iter      chisq       delta/lim  lambda   c             d            
   0 7.7594886262e-01   0.00e+00  7.11e-01    1.000000e+00   1.000000e+00
   4 1.2604678149e-02  -4.56e-01  7.11e-05    6.086076e+00   5.688193e-01

After 4 iterations the fit converged.
final sum of squares of residuals : 0.0126047
rel. change during last iteration : -4.56398e-06

degrees of freedom    (FIT_NDF)                        : 11
rms of residuals      (FIT_STDFIT) = sqrt(WSSR/ndf)    : 0.0338508
variance of residuals (reduced chisquare) = WSSR/ndf   : 0.00114588

Final set of parameters            Asymptotic Standard Error
=======================            ==========================
c               = 6.08608          +/- 0.2065       (3.393%)
d               = 0.568819         +/- 0.0225       (3.956%)

correlation matrix of the fit parameters:
                c      d      
c               1.000 
d              -0.909  1.000 


*******************************************************************************
Wed Sep 29 00:31:53 2021


FIT:    data read from FILE1 using 1:2
        format = x:z
        #datapoints = 13
        residuals are weighted equally (unit weight)

function used for fitting: app_fit1(x)
	app_fit1(x) = b + a / x
fitted parameters initialized with current variable values

iter      chisq       delta/lim  lambda   a             b            
   0 9.2485216438e+02   0.00e+00  7.11e-01    1.000000e+00   1.000000e+00
   5 5.0004521091e-01  -5.33e-10  7.11e-06    5.538358e+01   3.675996e+00

After 5 iterations the fit converged.
final sum of squares of residuals : 0.500045
rel. change during last iteration : -5.32859e-15

degrees of freedom    (FIT_NDF)                        : 11
rms of residuals      (FIT_STDFIT) = sqrt(WSSR/ndf)    : 0.21321
variance of residuals (reduced chisquare) = WSSR/ndf   : 0.0454587

Final set of parameters            Asymptotic Standard Error
=======================            ==========================
a               = 55.3836          +/- 1.301        (2.349%)
b               = 3.676            +/- 0.1417       (3.856%)

correlation matrix of the fit parameters:
                a      b      
a               1.000 
b              -0.909  1.000 


*******************************************************************************
Wed Sep 29 00:31:53 2021


FIT:    data read from FILE1 using 1:3
        format = x:z
        #datapoints = 13
        residuals are weighted equally (unit weight)

function used for fitting: app_fit2(x)
	app_fit2(x) = d + c / x
fitted parameters initialized with current variable values

iter      chisq       delta/lim  lambda   c             d            
   0 7.7594886262e-01   0.00e+00  7.11e-01    1.000000e+00   1.000000e+00
   4 1.2604678149e-02  -4.56e-01  7.11e-05    6.086076e+00   5.688193e-01

After 4 iterations the fit converged.
final sum of squares of residuals : 0.0126047
rel. change during last iteration : -4.56398e-06

degrees of freedom    (FIT_NDF)                        : 11
rms of residuals      (FIT_STDFIT) = sqrt(WSSR/ndf)    : 0.0338508
variance of residuals (reduced chisquare) = WSSR/ndf   : 0.00114588

Final set of parameters            Asymptotic Standard Error
=======================            ==========================
c               = 6.08608          +/- 0.2065       (3.393%)
d               = 0.568819         +/- 0.0225       (3.956%)

correlation matrix of the fit parameters:
                c      d      
c               1.000 
d              -0.909  1.000 


*******************************************************************************
Wed Sep 29 00:32:00 2021


FIT:    data read from FILE1 using 1:2
        format = x:z
        #datapoints = 13
        residuals are weighted equally (unit weight)

function used for fitting: app_fit1(x)
	app_fit1(x) = b + a / x
fitted parameters initialized with current variable values

iter      chisq       delta/lim  lambda   a             b            
   0 9.2485216438e+02   0.00e+00  7.11e-01    1.000000e+00   1.000000e+00
   5 5.0004521091e-01  -5.33e-10  7.11e-06    5.538358e+01   3.675996e+00

After 5 iterations the fit converged.
final sum of squares of residuals : 0.500045
rel. change during last iteration : -5.32859e-15

degrees of freedom    (FIT_NDF)                        : 11
rms of residuals      (FIT_STDFIT) = sqrt(WSSR/ndf)    : 0.21321
variance of residuals (reduced chisquare) = WSSR/ndf   : 0.0454587

Final set of parameters            Asymptotic Standard Error
=======================            ==========================
a               = 55.3836          +/- 1.301        (2.349%)
b               = 3.676            +/- 0.1417       (3.856%)

correlation matrix of the fit parameters:
                a      b      
a               1.000 
b              -0.909  1.000 


*******************************************************************************
Wed Sep 29 00:32:00 2021


FIT:    data read from FILE1 using 1:3
        format = x:z
        #datapoints = 13
        residuals are weighted equally (unit weight)

function used for fitting: app_fit2(x)
	app_fit2(x) = d + c / x
fitted parameters initialized with current variable values

iter      chisq       delta/lim  lambda   c             d            
   0 7.7594886262e-01   0.00e+00  7.11e-01    1.000000e+00   1.000000e+00
   4 1.2604678149e-02  -4.56e-01  7.11e-05    6.086076e+00   5.688193e-01

After 4 iterations the fit converged.
final sum of squares of residuals : 0.0126047
rel. change during last iteration : -4.56398e-06

degrees of freedom    (FIT_NDF)                        : 11
rms of residuals      (FIT_STDFIT) = sqrt(WSSR/ndf)    : 0.0338508
variance of residuals (reduced chisquare) = WSSR/ndf   : 0.00114588

Final set of parameters            Asymptotic Standard Error
=======================            ==========================
c               = 6.08608          +/- 0.2065       (3.393%)
d               = 0.568819         +/- 0.0225       (3.956%)

correlation matrix of the fit parameters:
                c      d      
c               1.000 
d              -0.909  1.000 


*******************************************************************************
Wed Sep 29 00:32:28 2021


FIT:    data read from FILE1 using 1:2
        format = x:z
        #datapoints = 13
        residuals are weighted equally (unit weight)

function used for fitting: app_fit1(x)
	app_fit1(x) = b + a / x
fitted parameters initialized with current variable values

iter      chisq       delta/lim  lambda   a             b            
   0 9.2485216438e+02   0.00e+00  7.11e-01    1.000000e+00   1.000000e+00
   5 5.0004521091e-01  -5.33e-10  7.11e-06    5.538358e+01   3.675996e+00

After 5 iterations the fit converged.
final sum of squares of residuals : 0.500045
rel. change during last iteration : -5.32859e-15

degrees of freedom    (FIT_NDF)                        : 11
rms of residuals      (FIT_STDFIT) = sqrt(WSSR/ndf)    : 0.21321
variance of residuals (reduced chisquare) = WSSR/ndf   : 0.0454587

Final set of parameters            Asymptotic Standard Error
=======================            ==========================
a               = 55.3836          +/- 1.301        (2.349%)
b               = 3.676            +/- 0.1417       (3.856%)

correlation matrix of the fit parameters:
                a      b      
a               1.000 
b              -0.909  1.000 


*******************************************************************************
Wed Sep 29 00:32:28 2021


FIT:    data read from FILE1 using 1:3
        format = x:z
        #datapoints = 13
        residuals are weighted equally (unit weight)

function used for fitting: app_fit2(x)
	app_fit2(x) = d + c / x
fitted parameters initialized with current variable values

iter      chisq       delta/lim  lambda   c             d            
   0 7.7594886262e-01   0.00e+00  7.11e-01    1.000000e+00   1.000000e+00
   4 1.2604678149e-02  -4.56e-01  7.11e-05    6.086076e+00   5.688193e-01

After 4 iterations the fit converged.
final sum of squares of residuals : 0.0126047
rel. change during last iteration : -4.56398e-06

degrees of freedom    (FIT_NDF)                        : 11
rms of residuals      (FIT_STDFIT) = sqrt(WSSR/ndf)    : 0.0338508
variance of residuals (reduced chisquare) = WSSR/ndf   : 0.00114588

Final set of parameters            Asymptotic Standard Error
=======================            ==========================
c               = 6.08608          +/- 0.2065       (3.393%)
d               = 0.568819         +/- 0.0225       (3.956%)

correlation matrix of the fit parameters:
                c      d      
c               1.000 
d              -0.909  1.000 


*******************************************************************************
Wed Sep 29 00:33:31 2021


FIT:    data read from FILE1 using 1:2
        format = x:z
        #datapoints = 13
        residuals are weighted equally (unit weight)

function used for fitting: app_fit1(x)
	app_fit1(x) = b + a / x
fitted parameters initialized with current variable values

iter      chisq       delta/lim  lambda   a             b            
   0 9.2485216438e+02   0.00e+00  7.11e-01    1.000000e+00   1.000000e+00
   5 5.0004521091e-01  -5.33e-10  7.11e-06    5.538358e+01   3.675996e+00

After 5 iterations the fit converged.
final sum of squares of residuals : 0.500045
rel. change during last iteration : -5.32859e-15

degrees of freedom    (FIT_NDF)                        : 11
rms of residuals      (FIT_STDFIT) = sqrt(WSSR/ndf)    : 0.21321
variance of residuals (reduced chisquare) = WSSR/ndf   : 0.0454587

Final set of parameters            Asymptotic Standard Error
=======================            ==========================
a               = 55.3836          +/- 1.301        (2.349%)
b               = 3.676            +/- 0.1417       (3.856%)

correlation matrix of the fit parameters:
                a      b      
a               1.000 
b              -0.909  1.000 


*******************************************************************************
Wed Sep 29 00:33:31 2021


FIT:    data read from FILE1 using 1:3
        format = x:z
        #datapoints = 13
        residuals are weighted equally (unit weight)

function used for fitting: app_fit2(x)
	app_fit2(x) = d + c / x
fitted parameters initialized with current variable values

iter      chisq       delta/lim  lambda   c             d            
   0 7.7594886262e-01   0.00e+00  7.11e-01    1.000000e+00   1.000000e+00
   4 1.2604678149e-02  -4.56e-01  7.11e-05    6.086076e+00   5.688193e-01

After 4 iterations the fit converged.
final sum of squares of residuals : 0.0126047
rel. change during last iteration : -4.56398e-06

degrees of freedom    (FIT_NDF)                        : 11
rms of residuals      (FIT_STDFIT) = sqrt(WSSR/ndf)    : 0.0338508
variance of residuals (reduced chisquare) = WSSR/ndf   : 0.00114588

Final set of parameters            Asymptotic Standard Error
=======================            ==========================
c               = 6.08608          +/- 0.2065       (3.393%)
d               = 0.568819         +/- 0.0225       (3.956%)

correlation matrix of the fit parameters:
                c      d      
c               1.000 
d              -0.909  1.000 


*******************************************************************************
Wed Sep 29 00:34:54 2021


FIT:    data read from FILE1 using 1:2
        format = x:z
        x range restricted to [4.00000 : 22.0000]
        #datapoints = 13
        residuals are weighted equally (unit weight)

function used for fitting: app_fit1(x)
	app_fit1(x) = b + a / x
fitted parameters initialized with current variable values

iter      chisq       delta/lim  lambda   a             b            
   0 9.2485216438e+02   0.00e+00  7.11e-01    1.000000e+00   1.000000e+00
   5 5.0004521091e-01  -5.33e-10  7.11e-06    5.538358e+01   3.675996e+00

After 5 iterations the fit converged.
final sum of squares of residuals : 0.500045
rel. change during last iteration : -5.32859e-15

degrees of freedom    (FIT_NDF)                        : 11
rms of residuals      (FIT_STDFIT) = sqrt(WSSR/ndf)    : 0.21321
variance of residuals (reduced chisquare) = WSSR/ndf   : 0.0454587

Final set of parameters            Asymptotic Standard Error
=======================            ==========================
a               = 55.3836          +/- 1.301        (2.349%)
b               = 3.676            +/- 0.1417       (3.856%)

correlation matrix of the fit parameters:
                a      b      
a               1.000 
b              -0.909  1.000 


*******************************************************************************
Wed Sep 29 00:34:54 2021


FIT:    data read from FILE1 using 1:3
        format = x:z
        x range restricted to [4.00000 : 22.0000]
        #datapoints = 13
        residuals are weighted equally (unit weight)

function used for fitting: app_fit2(x)
	app_fit2(x) = d + c / x
fitted parameters initialized with current variable values

iter      chisq       delta/lim  lambda   c             d            
   0 7.7594886262e-01   0.00e+00  7.11e-01    1.000000e+00   1.000000e+00
   4 1.2604678149e-02  -4.56e-01  7.11e-05    6.086076e+00   5.688193e-01

After 4 iterations the fit converged.
final sum of squares of residuals : 0.0126047
rel. change during last iteration : -4.56398e-06

degrees of freedom    (FIT_NDF)                        : 11
rms of residuals      (FIT_STDFIT) = sqrt(WSSR/ndf)    : 0.0338508
variance of residuals (reduced chisquare) = WSSR/ndf   : 0.00114588

Final set of parameters            Asymptotic Standard Error
=======================            ==========================
c               = 6.08608          +/- 0.2065       (3.393%)
d               = 0.568819         +/- 0.0225       (3.956%)

correlation matrix of the fit parameters:
                c      d      
c               1.000 
d              -0.909  1.000 


*******************************************************************************
Wed Sep 29 00:35:59 2021


FIT:    data read from FILE1 using 1:2
        format = x:z
        x range restricted to [4.00000 : 22.0000]
        #datapoints = 13
        residuals are weighted equally (unit weight)

function used for fitting: app_fit1(x)
	app_fit1(x) = a + b / x
fitted parameters initialized with current variable values

iter      chisq       delta/lim  lambda   a             b            
   0 9.2485216438e+02   0.00e+00  7.11e-01    1.000000e+00   1.000000e+00
   5 5.0004521091e-01  -9.55e-10  7.11e-06    3.675996e+00   5.538358e+01

After 5 iterations the fit converged.
final sum of squares of residuals : 0.500045
rel. change during last iteration : -9.54705e-15

degrees of freedom    (FIT_NDF)                        : 11
rms of residuals      (FIT_STDFIT) = sqrt(WSSR/ndf)    : 0.21321
variance of residuals (reduced chisquare) = WSSR/ndf   : 0.0454587

Final set of parameters            Asymptotic Standard Error
=======================            ==========================
a               = 3.676            +/- 0.1417       (3.856%)
b               = 55.3836          +/- 1.301        (2.349%)

correlation matrix of the fit parameters:
                a      b      
a               1.000 
b              -0.909  1.000 


*******************************************************************************
Wed Sep 29 00:35:59 2021


FIT:    data read from FILE1 using 1:3
        format = x:z
        x range restricted to [4.00000 : 22.0000]
        #datapoints = 13
        residuals are weighted equally (unit weight)

function used for fitting: app_fit2(x)
	app_fit2(x) = c + d / x
fitted parameters initialized with current variable values

iter      chisq       delta/lim  lambda   c             d            
   0 7.7594886262e-01   0.00e+00  7.11e-01    1.000000e+00   1.000000e+00
   4 1.2604678149e-02  -4.56e-01  7.11e-05    5.688193e-01   6.086076e+00

After 4 iterations the fit converged.
final sum of squares of residuals : 0.0126047
rel. change during last iteration : -4.56398e-06

degrees of freedom    (FIT_NDF)                        : 11
rms of residuals      (FIT_STDFIT) = sqrt(WSSR/ndf)    : 0.0338508
variance of residuals (reduced chisquare) = WSSR/ndf   : 0.00114588

Final set of parameters            Asymptotic Standard Error
=======================            ==========================
c               = 0.568819         +/- 0.0225       (3.956%)
d               = 6.08608          +/- 0.2065       (3.393%)

correlation matrix of the fit parameters:
                c      d      
c               1.000 
d              -0.909  1.000 


*******************************************************************************
Wed Sep 29 00:36:22 2021


FIT:    data read from FILE1 using 1:2
        format = x:z
        x range restricted to [4.00000 : 22.0000]
        #datapoints = 13
        residuals are weighted equally (unit weight)

function used for fitting: app_fit1(x)
	app_fit1(x) = a + b / x
fitted parameters initialized with current variable values

iter      chisq       delta/lim  lambda   a             b            
   0 9.2485216438e+02   0.00e+00  7.11e-01    1.000000e+00   1.000000e+00
   5 5.0004521091e-01  -9.55e-10  7.11e-06    3.675996e+00   5.538358e+01

After 5 iterations the fit converged.
final sum of squares of residuals : 0.500045
rel. change during last iteration : -9.54705e-15

degrees of freedom    (FIT_NDF)                        : 11
rms of residuals      (FIT_STDFIT) = sqrt(WSSR/ndf)    : 0.21321
variance of residuals (reduced chisquare) = WSSR/ndf   : 0.0454587

Final set of parameters            Asymptotic Standard Error
=======================            ==========================
a               = 3.676            +/- 0.1417       (3.856%)
b               = 55.3836          +/- 1.301        (2.349%)

correlation matrix of the fit parameters:
                a      b      
a               1.000 
b              -0.909  1.000 


*******************************************************************************
Wed Sep 29 00:36:22 2021


FIT:    data read from FILE1 using 1:3
        format = x:z
        x range restricted to [4.00000 : 22.0000]
        #datapoints = 13
        residuals are weighted equally (unit weight)

function used for fitting: app_fit2(x)
	app_fit2(x) = c + d / x
fitted parameters initialized with current variable values

iter      chisq       delta/lim  lambda   c             d            
   0 7.7594886262e-01   0.00e+00  7.11e-01    1.000000e+00   1.000000e+00
   4 1.2604678149e-02  -4.56e-01  7.11e-05    5.688193e-01   6.086076e+00

After 4 iterations the fit converged.
final sum of squares of residuals : 0.0126047
rel. change during last iteration : -4.56398e-06

degrees of freedom    (FIT_NDF)                        : 11
rms of residuals      (FIT_STDFIT) = sqrt(WSSR/ndf)    : 0.0338508
variance of residuals (reduced chisquare) = WSSR/ndf   : 0.00114588

Final set of parameters            Asymptotic Standard Error
=======================            ==========================
c               = 0.568819         +/- 0.0225       (3.956%)
d               = 6.08608          +/- 0.2065       (3.393%)

correlation matrix of the fit parameters:
                c      d      
c               1.000 
d              -0.909  1.000 


*******************************************************************************
Wed Sep 29 00:36:52 2021


FIT:    data read from FILE1 using 1:2
        format = x:z
        x range restricted to [4.00000 : 22.0000]
        #datapoints = 13
        residuals are weighted equally (unit weight)

function used for fitting: app_fit1(x)
	app_fit1(x) = a + b / x
fitted parameters initialized with current variable values

iter      chisq       delta/lim  lambda   a             b            
   0 9.2485216438e+02   0.00e+00  7.11e-01    1.000000e+00   1.000000e+00
   5 5.0004521091e-01  -9.55e-10  7.11e-06    3.675996e+00   5.538358e+01

After 5 iterations the fit converged.
final sum of squares of residuals : 0.500045
rel. change during last iteration : -9.54705e-15

degrees of freedom    (FIT_NDF)                        : 11
rms of residuals      (FIT_STDFIT) = sqrt(WSSR/ndf)    : 0.21321
variance of residuals (reduced chisquare) = WSSR/ndf   : 0.0454587

Final set of parameters            Asymptotic Standard Error
=======================            ==========================
a               = 3.676            +/- 0.1417       (3.856%)
b               = 55.3836          +/- 1.301        (2.349%)

correlation matrix of the fit parameters:
                a      b      
a               1.000 
b              -0.909  1.000 


*******************************************************************************
Wed Sep 29 00:36:52 2021


FIT:    data read from FILE1 using 1:3
        format = x:z
        x range restricted to [4.00000 : 22.0000]
        #datapoints = 13
        residuals are weighted equally (unit weight)

function used for fitting: app_fit2(x)
	app_fit2(x) = c + d / x
fitted parameters initialized with current variable values

iter      chisq       delta/lim  lambda   c             d            
   0 7.7594886262e-01   0.00e+00  7.11e-01    1.000000e+00   1.000000e+00
   4 1.2604678149e-02  -4.56e-01  7.11e-05    5.688193e-01   6.086076e+00

After 4 iterations the fit converged.
final sum of squares of residuals : 0.0126047
rel. change during last iteration : -4.56398e-06

degrees of freedom    (FIT_NDF)                        : 11
rms of residuals      (FIT_STDFIT) = sqrt(WSSR/ndf)    : 0.0338508
variance of residuals (reduced chisquare) = WSSR/ndf   : 0.00114588

Final set of parameters            Asymptotic Standard Error
=======================            ==========================
c               = 0.568819         +/- 0.0225       (3.956%)
d               = 6.08608          +/- 0.2065       (3.393%)

correlation matrix of the fit parameters:
                c      d      
c               1.000 
d              -0.909  1.000 


*******************************************************************************
Wed Sep 29 00:37:38 2021


FIT:    data read from FILE1 using 1:2
        format = x:z
        x range restricted to [4.00000 : 22.0000]
        #datapoints = 13
        residuals are weighted equally (unit weight)

function used for fitting: app_fit1(x)
	app_fit1(x) = a + b / x
fitted parameters initialized with current variable values

iter      chisq       delta/lim  lambda   a             b            
   0 9.2485216438e+02   0.00e+00  7.11e-01    1.000000e+00   1.000000e+00
   5 5.0004521091e-01  -9.55e-10  7.11e-06    3.675996e+00   5.538358e+01

After 5 iterations the fit converged.
final sum of squares of residuals : 0.500045
rel. change during last iteration : -9.54705e-15

degrees of freedom    (FIT_NDF)                        : 11
rms of residuals      (FIT_STDFIT) = sqrt(WSSR/ndf)    : 0.21321
variance of residuals (reduced chisquare) = WSSR/ndf   : 0.0454587

Final set of parameters            Asymptotic Standard Error
=======================            ==========================
a               = 3.676            +/- 0.1417       (3.856%)
b               = 55.3836          +/- 1.301        (2.349%)

correlation matrix of the fit parameters:
                a      b      
a               1.000 
b              -0.909  1.000 


*******************************************************************************
Wed Sep 29 00:37:38 2021


FIT:    data read from FILE1 using 1:3
        format = x:z
        x range restricted to [4.00000 : 22.0000]
        #datapoints = 13
        residuals are weighted equally (unit weight)

function used for fitting: app_fit2(x)
	app_fit2(x) = c + d / x
fitted parameters initialized with current variable values

iter      chisq       delta/lim  lambda   c             d            
   0 7.7594886262e-01   0.00e+00  7.11e-01    1.000000e+00   1.000000e+00
   4 1.2604678149e-02  -4.56e-01  7.11e-05    5.688193e-01   6.086076e+00

After 4 iterations the fit converged.
final sum of squares of residuals : 0.0126047
rel. change during last iteration : -4.56398e-06

degrees of freedom    (FIT_NDF)                        : 11
rms of residuals      (FIT_STDFIT) = sqrt(WSSR/ndf)    : 0.0338508
variance of residuals (reduced chisquare) = WSSR/ndf   : 0.00114588

Final set of parameters            Asymptotic Standard Error
=======================            ==========================
c               = 0.568819         +/- 0.0225       (3.956%)
d               = 6.08608          +/- 0.2065       (3.393%)

correlation matrix of the fit parameters:
                c      d      
c               1.000 
d              -0.909  1.000 


*******************************************************************************
Wed Sep 29 00:39:03 2021


FIT:    data read from FILE1 using 1:2
        format = x:z
        x range restricted to [4.00000 : 22.0000]
        #datapoints = 13
        residuals are weighted equally (unit weight)

function used for fitting: app_fit1(x)
	app_fit1(x) = a + b / x
fitted parameters initialized with current variable values

iter      chisq       delta/lim  lambda   a             b            
   0 9.2485216438e+02   0.00e+00  7.11e-01    1.000000e+00   1.000000e+00
   5 5.0004521091e-01  -9.55e-10  7.11e-06    3.675996e+00   5.538358e+01

After 5 iterations the fit converged.
final sum of squares of residuals : 0.500045
rel. change during last iteration : -9.54705e-15

degrees of freedom    (FIT_NDF)                        : 11
rms of residuals      (FIT_STDFIT) = sqrt(WSSR/ndf)    : 0.21321
variance of residuals (reduced chisquare) = WSSR/ndf   : 0.0454587

Final set of parameters            Asymptotic Standard Error
=======================            ==========================
a               = 3.676            +/- 0.1417       (3.856%)
b               = 55.3836          +/- 1.301        (2.349%)

correlation matrix of the fit parameters:
                a      b      
a               1.000 
b              -0.909  1.000 


*******************************************************************************
Wed Sep 29 00:39:03 2021


FIT:    data read from FILE1 using 1:3
        format = x:z
        x range restricted to [4.00000 : 22.0000]
        #datapoints = 13
        residuals are weighted equally (unit weight)

function used for fitting: app_fit2(x)
	app_fit2(x) = c + d / x
fitted parameters initialized with current variable values

iter      chisq       delta/lim  lambda   c             d            
   0 7.7594886262e-01   0.00e+00  7.11e-01    1.000000e+00   1.000000e+00
   4 1.2604678149e-02  -4.56e-01  7.11e-05    5.688193e-01   6.086076e+00

After 4 iterations the fit converged.
final sum of squares of residuals : 0.0126047
rel. change during last iteration : -4.56398e-06

degrees of freedom    (FIT_NDF)                        : 11
rms of residuals      (FIT_STDFIT) = sqrt(WSSR/ndf)    : 0.0338508
variance of residuals (reduced chisquare) = WSSR/ndf   : 0.00114588

Final set of parameters            Asymptotic Standard Error
=======================            ==========================
c               = 0.568819         +/- 0.0225       (3.956%)
d               = 6.08608          +/- 0.2065       (3.393%)

correlation matrix of the fit parameters:
                c      d      
c               1.000 
d              -0.909  1.000 


*******************************************************************************
Wed Sep 29 00:39:25 2021


FIT:    data read from FILE1 using 1:2
        format = x:z
        x range restricted to [4.00000 : 22.0000]
        #datapoints = 13
        residuals are weighted equally (unit weight)

function used for fitting: app_fit1(x)
	app_fit1(x) = a + b / x
fitted parameters initialized with current variable values

iter      chisq       delta/lim  lambda   a             b            
   0 9.2485216438e+02   0.00e+00  7.11e-01    1.000000e+00   1.000000e+00
   5 5.0004521091e-01  -9.55e-10  7.11e-06    3.675996e+00   5.538358e+01

After 5 iterations the fit converged.
final sum of squares of residuals : 0.500045
rel. change during last iteration : -9.54705e-15

degrees of freedom    (FIT_NDF)                        : 11
rms of residuals      (FIT_STDFIT) = sqrt(WSSR/ndf)    : 0.21321
variance of residuals (reduced chisquare) = WSSR/ndf   : 0.0454587

Final set of parameters            Asymptotic Standard Error
=======================            ==========================
a               = 3.676            +/- 0.1417       (3.856%)
b               = 55.3836          +/- 1.301        (2.349%)

correlation matrix of the fit parameters:
                a      b      
a               1.000 
b              -0.909  1.000 


*******************************************************************************
Wed Sep 29 00:39:25 2021


FIT:    data read from FILE1 using 1:3
        format = x:z
        x range restricted to [4.00000 : 22.0000]
        #datapoints = 13
        residuals are weighted equally (unit weight)

function used for fitting: app_fit2(x)
	app_fit2(x) = c + d / x
fitted parameters initialized with current variable values

iter      chisq       delta/lim  lambda   c             d            
   0 7.7594886262e-01   0.00e+00  7.11e-01    1.000000e+00   1.000000e+00
   4 1.2604678149e-02  -4.56e-01  7.11e-05    5.688193e-01   6.086076e+00

After 4 iterations the fit converged.
final sum of squares of residuals : 0.0126047
rel. change during last iteration : -4.56398e-06

degrees of freedom    (FIT_NDF)                        : 11
rms of residuals      (FIT_STDFIT) = sqrt(WSSR/ndf)    : 0.0338508
variance of residuals (reduced chisquare) = WSSR/ndf   : 0.00114588

Final set of parameters            Asymptotic Standard Error
=======================            ==========================
c               = 0.568819         +/- 0.0225       (3.956%)
d               = 6.08608          +/- 0.2065       (3.393%)

correlation matrix of the fit parameters:
                c      d      
c               1.000 
d              -0.909  1.000 


*******************************************************************************
Wed Sep 29 00:40:50 2021


FIT:    data read from FILE1 using 1:2
        format = x:z
        x range restricted to [4.00000 : 22.0000]
        #datapoints = 13
        residuals are weighted equally (unit weight)

function used for fitting: app_fit1(x)
	app_fit1(x) = a + b / x
fitted parameters initialized with current variable values

iter      chisq       delta/lim  lambda   a             b            
   0 9.2485216438e+02   0.00e+00  7.11e-01    1.000000e+00   1.000000e+00
   5 5.0004521091e-01  -9.55e-10  7.11e-06    3.675996e+00   5.538358e+01

After 5 iterations the fit converged.
final sum of squares of residuals : 0.500045
rel. change during last iteration : -9.54705e-15

degrees of freedom    (FIT_NDF)                        : 11
rms of residuals      (FIT_STDFIT) = sqrt(WSSR/ndf)    : 0.21321
variance of residuals (reduced chisquare) = WSSR/ndf   : 0.0454587

Final set of parameters            Asymptotic Standard Error
=======================            ==========================
a               = 3.676            +/- 0.1417       (3.856%)
b               = 55.3836          +/- 1.301        (2.349%)

correlation matrix of the fit parameters:
                a      b      
a               1.000 
b              -0.909  1.000 


*******************************************************************************
Wed Sep 29 00:40:50 2021


FIT:    data read from FILE1 using 1:3
        format = x:z
        x range restricted to [4.00000 : 22.0000]
        #datapoints = 13
        residuals are weighted equally (unit weight)

function used for fitting: app_fit2(x)
	app_fit2(x) = c + d / x
fitted parameters initialized with current variable values

iter      chisq       delta/lim  lambda   c             d            
   0 7.7594886262e-01   0.00e+00  7.11e-01    1.000000e+00   1.000000e+00
   4 1.2604678149e-02  -4.56e-01  7.11e-05    5.688193e-01   6.086076e+00

After 4 iterations the fit converged.
final sum of squares of residuals : 0.0126047
rel. change during last iteration : -4.56398e-06

degrees of freedom    (FIT_NDF)                        : 11
rms of residuals      (FIT_STDFIT) = sqrt(WSSR/ndf)    : 0.0338508
variance of residuals (reduced chisquare) = WSSR/ndf   : 0.00114588

Final set of parameters            Asymptotic Standard Error
=======================            ==========================
c               = 0.568819         +/- 0.0225       (3.956%)
d               = 6.08608          +/- 0.2065       (3.393%)

correlation matrix of the fit parameters:
                c      d      
c               1.000 
d              -0.909  1.000 


*******************************************************************************
Wed Sep 29 00:41:32 2021


FIT:    data read from FILE1 using 1:2
        format = x:z
        x range restricted to [4.00000 : 22.0000]
        #datapoints = 13
        residuals are weighted equally (unit weight)

function used for fitting: app_fit1(x)
	app_fit1(x) = a + b / x
fitted parameters initialized with current variable values

iter      chisq       delta/lim  lambda   a             b            
   0 9.2485216438e+02   0.00e+00  7.11e-01    1.000000e+00   1.000000e+00
   5 5.0004521091e-01  -9.55e-10  7.11e-06    3.675996e+00   5.538358e+01

After 5 iterations the fit converged.
final sum of squares of residuals : 0.500045
rel. change during last iteration : -9.54705e-15

degrees of freedom    (FIT_NDF)                        : 11
rms of residuals      (FIT_STDFIT) = sqrt(WSSR/ndf)    : 0.21321
variance of residuals (reduced chisquare) = WSSR/ndf   : 0.0454587

Final set of parameters            Asymptotic Standard Error
=======================            ==========================
a               = 3.676            +/- 0.1417       (3.856%)
b               = 55.3836          +/- 1.301        (2.349%)

correlation matrix of the fit parameters:
                a      b      
a               1.000 
b              -0.909  1.000 


*******************************************************************************
Wed Sep 29 00:41:32 2021


FIT:    data read from FILE1 using 1:3
        format = x:z
        x range restricted to [4.00000 : 22.0000]
        #datapoints = 13
        residuals are weighted equally (unit weight)

function used for fitting: app_fit2(x)
	app_fit2(x) = c + d / x
fitted parameters initialized with current variable values

iter      chisq       delta/lim  lambda   c             d            
   0 7.7594886262e-01   0.00e+00  7.11e-01    1.000000e+00   1.000000e+00
   4 1.2604678149e-02  -4.56e-01  7.11e-05    5.688193e-01   6.086076e+00

After 4 iterations the fit converged.
final sum of squares of residuals : 0.0126047
rel. change during last iteration : -4.56398e-06

degrees of freedom    (FIT_NDF)                        : 11
rms of residuals      (FIT_STDFIT) = sqrt(WSSR/ndf)    : 0.0338508
variance of residuals (reduced chisquare) = WSSR/ndf   : 0.00114588

Final set of parameters            Asymptotic Standard Error
=======================            ==========================
c               = 0.568819         +/- 0.0225       (3.956%)
d               = 6.08608          +/- 0.2065       (3.393%)

correlation matrix of the fit parameters:
                c      d      
c               1.000 
d              -0.909  1.000 


*******************************************************************************
Wed Sep 29 09:27:53 2021


FIT:    data read from FILE1 using 1:2
        format = x:z
        x range restricted to [4.00000 : 22.0000]
        #datapoints = 13
        residuals are weighted equally (unit weight)

function used for fitting: app_fit1(x)
	app_fit1(x) = a + b / x
fitted parameters initialized with current variable values

iter      chisq       delta/lim  lambda   a             b            
   0 9.2485216438e+02   0.00e+00  7.11e-01    1.000000e+00   1.000000e+00
   5 5.0004521091e-01  -9.55e-10  7.11e-06    3.675996e+00   5.538358e+01

After 5 iterations the fit converged.
final sum of squares of residuals : 0.500045
rel. change during last iteration : -9.54705e-15

degrees of freedom    (FIT_NDF)                        : 11
rms of residuals      (FIT_STDFIT) = sqrt(WSSR/ndf)    : 0.21321
variance of residuals (reduced chisquare) = WSSR/ndf   : 0.0454587

Final set of parameters            Asymptotic Standard Error
=======================            ==========================
a               = 3.676            +/- 0.1417       (3.856%)
b               = 55.3836          +/- 1.301        (2.349%)

correlation matrix of the fit parameters:
                a      b      
a               1.000 
b              -0.909  1.000 


*******************************************************************************
Wed Sep 29 09:27:53 2021


FIT:    data read from FILE1 using 1:3
        format = x:z
        x range restricted to [4.00000 : 22.0000]
        #datapoints = 13
        residuals are weighted equally (unit weight)

function used for fitting: app_fit2(x)
	app_fit2(x) = c + d / x
fitted parameters initialized with current variable values

iter      chisq       delta/lim  lambda   c             d            
   0 7.7594886262e-01   0.00e+00  7.11e-01    1.000000e+00   1.000000e+00
   4 1.2604678149e-02  -4.56e-01  7.11e-05    5.688193e-01   6.086076e+00

After 4 iterations the fit converged.
final sum of squares of residuals : 0.0126047
rel. change during last iteration : -4.56398e-06

degrees of freedom    (FIT_NDF)                        : 11
rms of residuals      (FIT_STDFIT) = sqrt(WSSR/ndf)    : 0.0338508
variance of residuals (reduced chisquare) = WSSR/ndf   : 0.00114588

Final set of parameters            Asymptotic Standard Error
=======================            ==========================
c               = 0.568819         +/- 0.0225       (3.956%)
d               = 6.08608          +/- 0.2065       (3.393%)

correlation matrix of the fit parameters:
                c      d      
c               1.000 
d              -0.909  1.000 
